<?xml version="1.0" encoding="UTF-8"?>
<!-- Generated by org.testng.reporters.JUnitReportReporter -->
<testsuite hostname="LAPTOP-DBS1VB30" failures="0" tests="1" name="testcase.Testcaseforgoutpassword" time="13.364" errors="0" timestamp="2023-11-10T13:20:28 IST" skipped="0">
  <testcase classname="testcase.Testcaseforgoutpassword" name="Forgotpassword" time="13.364"/>
</testsuite> <!-- testcase.Testcaseforgoutpassword -->
